e:\abhishek\07-objectarx\assignment7\assignment7\x64\debug\assignment7.pch
e:\abhishek\07-objectarx\assignment7\assignment7\x64\debug\vc143.pdb
e:\abhishek\07-objectarx\assignment7\assignment7\x64\debug\vc143.idb
e:\abhishek\07-objectarx\assignment7\assignment7\x64\debug\pch.obj
e:\abhishek\07-objectarx\assignment7\assignment7\x64\debug\dllmain.obj
e:\abhishek\07-objectarx\assignment7\assignment7\x64\debug\assignment7.obj
e:\abhishek\07-objectarx\assignment7\x64\debug\assignment7.arx
e:\abhishek\07-objectarx\assignment7\x64\debug\assignment7.pdb
e:\abhishek\07-objectarx\assignment7\assignment7\x64\debug\assignment7.res
e:\abhishek\07-objectarx\assignment7\x64\debug\assignment7.lib
e:\abhishek\07-objectarx\assignment7\x64\debug\assignment7.exp
e:\abhishek\07-objectarx\assignment7\assignment7\x64\debug\assignment7.ilk
e:\abhishek\07-objectarx\assignment7\assignment7\x64\debug\assignment7.tlog\cl.command.1.tlog
e:\abhishek\07-objectarx\assignment7\assignment7\x64\debug\assignment7.tlog\cl.items.tlog
e:\abhishek\07-objectarx\assignment7\assignment7\x64\debug\assignment7.tlog\cl.read.1.tlog
e:\abhishek\07-objectarx\assignment7\assignment7\x64\debug\assignment7.tlog\cl.write.1.tlog
e:\abhishek\07-objectarx\assignment7\assignment7\x64\debug\assignment7.tlog\link.command.1.tlog
e:\abhishek\07-objectarx\assignment7\assignment7\x64\debug\assignment7.tlog\link.read.1.tlog
e:\abhishek\07-objectarx\assignment7\assignment7\x64\debug\assignment7.tlog\link.secondary.1.tlog
e:\abhishek\07-objectarx\assignment7\assignment7\x64\debug\assignment7.tlog\link.write.1.tlog
e:\abhishek\07-objectarx\assignment7\assignment7\x64\debug\assignment7.tlog\rc.command.1.tlog
e:\abhishek\07-objectarx\assignment7\assignment7\x64\debug\assignment7.tlog\rc.read.1.tlog
e:\abhishek\07-objectarx\assignment7\assignment7\x64\debug\assignment7.tlog\rc.write.1.tlog
