e:\abhishek\07-objectarx\assignment2\assignment2\x64\debug\assignment2.pch
e:\abhishek\07-objectarx\assignment2\assignment2\x64\debug\vc143.pdb
e:\abhishek\07-objectarx\assignment2\assignment2\x64\debug\vc143.idb
e:\abhishek\07-objectarx\assignment2\assignment2\x64\debug\pch.obj
e:\abhishek\07-objectarx\assignment2\assignment2\x64\debug\assignment2.obj
e:\abhishek\07-objectarx\assignment2\assignment2\x64\debug\dllmain.obj
e:\abhishek\07-objectarx\assignment2\x64\debug\assignment2.arx
e:\abhishek\07-objectarx\assignment2\x64\debug\assignment2.pdb
e:\abhishek\07-objectarx\assignment2\assignment2\x64\debug\assignment2.res
e:\abhishek\07-objectarx\assignment2\x64\debug\assignment2.lib
e:\abhishek\07-objectarx\assignment2\x64\debug\assignment2.exp
e:\abhishek\07-objectarx\assignment2\assignment2\x64\debug\assignment2.ilk
e:\abhishek\07-objectarx\assignment2\assignment2\x64\debug\assignment2.tlog\cl.command.1.tlog
e:\abhishek\07-objectarx\assignment2\assignment2\x64\debug\assignment2.tlog\cl.items.tlog
e:\abhishek\07-objectarx\assignment2\assignment2\x64\debug\assignment2.tlog\cl.read.1.tlog
e:\abhishek\07-objectarx\assignment2\assignment2\x64\debug\assignment2.tlog\cl.write.1.tlog
e:\abhishek\07-objectarx\assignment2\assignment2\x64\debug\assignment2.tlog\link.command.1.tlog
e:\abhishek\07-objectarx\assignment2\assignment2\x64\debug\assignment2.tlog\link.read.1.tlog
e:\abhishek\07-objectarx\assignment2\assignment2\x64\debug\assignment2.tlog\link.secondary.1.tlog
e:\abhishek\07-objectarx\assignment2\assignment2\x64\debug\assignment2.tlog\link.write.1.tlog
e:\abhishek\07-objectarx\assignment2\assignment2\x64\debug\assignment2.tlog\rc.command.1.tlog
e:\abhishek\07-objectarx\assignment2\assignment2\x64\debug\assignment2.tlog\rc.read.1.tlog
e:\abhishek\07-objectarx\assignment2\assignment2\x64\debug\assignment2.tlog\rc.write.1.tlog
